MSBuild version 17.3.1+2badb37d1 for .NET Framework
  Checking Build System
  Building Custom Rule E:/test widget/wx_cmake_template/subprojects/Source/wxWidgets_external/build/cmake/lib/CMakeLists.txt
  regcomp.c
  regexec.c
  regerror.c
  regfree.c
  wxregex.vcxproj -> E:\test widget\wx_cmake_template\subprojects\Build\wxWidgets_external\lib\vc_x64_lib\wxregexud.lib
  Building Custom Rule E:/test widget/wx_cmake_template/subprojects/Source/wxWidgets_external/build/cmake/lib/CMakeLists.txt
  adler32.c
  compress.c
  crc32.c
  deflate.c
  gzclose.c
  gzlib.c
  gzread.c
  gzwrite.c
  infback.c
  inffast.c
  inflate.c
  inftrees.c
  trees.c
  uncompr.c
  zutil.c
E:\test widget\wx_cmake_template\subprojects\Source\wxWidgets_external\src\zlib\gzread.c(319,17): warning C4267: '=': conversion from 'size_t' to 'unsigned int', possible loss of data [E:\test widget\wx_cmake_template\subprojects\Build\wxWidgets_external\libs\wxzlib.vcxproj]
E:\test widget\wx_cmake_template\subprojects\Source\wxWidgets_external\src\zlib\gzread.c(400,11): warning C4267: '=': conversion from 'size_t' to 'unsigned int', possible loss of data [E:\test widget\wx_cmake_template\subprojects\Build\wxWidgets_external\libs\wxzlib.vcxproj]
E:\test widget\wx_cmake_template\subprojects\Source\wxWidgets_external\src\zlib\gzread.c(472,11): warning C4267: '=': conversion from 'size_t' to 'int', possible loss of data [E:\test widget\wx_cmake_template\subprojects\Build\wxWidgets_external\libs\wxzlib.vcxproj]
E:\test widget\wx_cmake_template\subprojects\Source\wxWidgets_external\src\zlib\gzwrite.c(212,24): warning C4267: '=': conversion from 'size_t' to 'unsigned int', possible loss of data [E:\test widget\wx_cmake_template\subprojects\Build\wxWidgets_external\libs\wxzlib.vcxproj]
E:\test widget\wx_cmake_template\subprojects\Source\wxWidgets_external\src\zlib\gzwrite.c(232,21): warning C4267: '=': conversion from 'size_t' to 'unsigned int', possible loss of data [E:\test widget\wx_cmake_template\subprojects\Build\wxWidgets_external\libs\wxzlib.vcxproj]
E:\test widget\wx_cmake_template\subprojects\Source\wxWidgets_external\src\zlib\gzwrite.c(371,11): warning C4267: '=': conversion from 'size_t' to 'int', possible loss of data [E:\test widget\wx_cmake_template\subprojects\Build\wxWidgets_external\libs\wxzlib.vcxproj]
  wxzlib.vcxproj -> E:\test widget\wx_cmake_template\subprojects\Build\wxWidgets_external\lib\vc_x64_lib\wxzlibd.lib
  Generating CXX prefix header E:\test widget\wx_cmake_template\subprojects\Build\wxWidgets_external\libs\base\Debug\cotire\wxbase_CXX_prefix.hxx
  Building Custom Rule E:/test widget/wx_cmake_template/subprojects/Source/wxWidgets_external/build/cmake/lib/base/CMakeLists.txt
  any.cpp
  appbase.cpp
  arcall.cpp
  arcfind.cpp
  archive.cpp
  arrstr.cpp
  base64.cpp
  clntdata.cpp
  cmdline.cpp
  config.cpp
  convauto.cpp
  datetime.cpp
  datetimefmt.cpp
  datstrm.cpp
  dircmn.cpp
  dynlib.cpp
  dynload.cpp
  encconv.cpp
  evtloopcmn.cpp
  ffile.cpp
  file.cpp
  fileback.cpp
  fileconf.cpp
  filefn.cpp
  filename.cpp
  filesys.cpp
  filtall.cpp
  filtfind.cpp
  fmapbase.cpp
  fs_arc.cpp
  fs_filter.cpp
  hash.cpp
  hashmap.cpp
  init.cpp
  intl.cpp
  ipcbase.cpp
  languageinfo.cpp
  list.cpp
  log.cpp
  longlong.cpp
  memory.cpp
  mimecmn.cpp
  module.cpp
  mstream.cpp
  numformatter.cpp
  object.cpp
  platinfo.cpp
  powercmn.cpp
  process.cpp
  regex.cpp
  stdpbase.cpp
  sstream.cpp
  stdstream.cpp
  stopwatch.cpp
  strconv.cpp
  stream.cpp
  string.cpp
  stringimpl.cpp
  stringops.cpp
  strvararg.cpp
  sysopt.cpp
  tarstrm.cpp
  textbuf.cpp
  textfile.cpp
  threadinfo.cpp
  time.cpp
  timercmn.cpp
  timerimpl.cpp
  tokenzr.cpp
  translation.cpp
  txtstrm.cpp
  unichar.cpp
  uri.cpp
  ustring.cpp
  variant.cpp
  wfstream.cpp
  wxcrt.cpp
  wxprintf.cpp
  xlocale.cpp
  xti.cpp
  xtistrm.cpp
  zipstrm.cpp
  zstream.cpp
  fswatchercmn.cpp
  fswatcherg.cpp
  lzmastream.cpp
  event.cpp
  fs_mem.cpp
  msgout.cpp
  utilscmn.cpp
  basemsw.cpp
  crashrpt.cpp
  debughlp.cpp
  dde.cpp
  dir.cpp
  dlmsw.cpp
  evtloopconsole.cpp
  mimetype.cpp
  power.cpp
  regconf.cpp
  registry.cpp
  snglinst.cpp
  stackwalk.cpp
  stdpaths.cpp
  thread.cpp
  timer.cpp
  utils.cpp
  utilsexc.cpp
  fswatcher.cpp
  main.cpp
  volume.cpp
  extended.c
  secretstore.cpp
  secretstore.cpp
  wxbase.vcxproj -> E:\test widget\wx_cmake_template\subprojects\Build\wxWidgets_external\lib\vc_x64_lib\wxbase31ud.lib
  Building Custom Rule E:/test widget/wx_cmake_template/subprojects/Source/wxWidgets_external/build/cmake/lib/CMakeLists.txt
  jaricom.c
  jcapimin.c
  jcapistd.c
  jcarith.c
  jccoefct.c
  jccolor.c
  jcdctmgr.c
  jchuff.c
  jcinit.c
  jcmainct.c
  jcmarker.c
  jcmaster.c
  jcomapi.c
  jcparam.c
  jcprepct.c
  jcsample.c
  jctrans.c
  jdapimin.c
  jdapistd.c
  jdarith.c
  jdatadst.c
  jdatasrc.c
  jdcoefct.c
  jdcolor.c
  jddctmgr.c
  jdhuff.c
  jdinput.c
  jdmainct.c
  jdmarker.c
  jdmaster.c
  jdmerge.c
  jdpostct.c
  jdsample.c
  jdtrans.c
  jerror.c
  jfdctflt.c
  jfdctfst.c
  jfdctint.c
  jidctflt.c
  jidctfst.c
  jidctint.c
  jmemmgr.c
  jmemnobs.c
  jquant1.c
  jquant2.c
  jutils.c
  wxjpeg.vcxproj -> E:\test widget\wx_cmake_template\subprojects\Build\wxWidgets_external\lib\vc_x64_lib\wxjpegd.lib
  Building Custom Rule E:/test widget/wx_cmake_template/subprojects/Source/wxWidgets_external/build/cmake/lib/CMakeLists.txt
  png.c
  pngerror.c
  pngget.c
  pngmem.c
  pngpread.c
  pngread.c
  pngrio.c
  pngrtran.c
  pngrutil.c
  pngset.c
  pngtrans.c
  pngwio.c
  pngwrite.c
  pngwtran.c
  pngwutil.c
  arm_init.c
  filter_neon_intrinsics.c
  palette_neon_intrinsics.c
  intel_init.c
  filter_sse2_intrinsics.c
  wxpng.vcxproj -> E:\test widget\wx_cmake_template\subprojects\Build\wxWidgets_external\lib\vc_x64_lib\wxpngd.lib
  Building Custom Rule E:/test widget/wx_cmake_template/subprojects/Source/wxWidgets_external/build/cmake/lib/CMakeLists.txt
  tif_win32.c
  tif_aux.c
  tif_close.c
  tif_codec.c
  tif_color.c
  tif_compress.c
  tif_dir.c
  tif_dirinfo.c
  tif_dirread.c
  tif_dirwrite.c
  tif_dumpmode.c
  tif_error.c
  tif_extension.c
  tif_fax3.c
  tif_fax3sm.c
  tif_flush.c
  tif_getimage.c
  tif_jbig.c
  tif_jpeg.c
  tif_jpeg_12.c
  tif_luv.c
  tif_lzma.c
  tif_lzw.c
  tif_next.c
  tif_ojpeg.c
  tif_open.c
  tif_packbits.c
  tif_pixarlog.c
  tif_predict.c
  tif_print.c
  tif_read.c
  tif_strip.c
  tif_swab.c
  tif_thunder.c
  tif_tile.c
  tif_version.c
  tif_warning.c
  tif_webp.c
  tif_write.c
  tif_zip.c
  tif_zstd.c
  wxtiff.vcxproj -> E:\test widget\wx_cmake_template\subprojects\Build\wxWidgets_external\lib\vc_x64_lib\wxtiffd.lib
  Generating CXX prefix header E:\test widget\wx_cmake_template\subprojects\Build\wxWidgets_external\libs\core\Debug\cotire\wxcore_CXX_prefix.hxx
  Building Custom Rule E:/test widget/wx_cmake_template/subprojects/Source/wxWidgets_external/build/cmake/lib/core/CMakeLists.txt
  accelcmn.cpp
  accesscmn.cpp
  anidecod.cpp
  affinematrix2d.cpp
  appcmn.cpp
  artprov.cpp
  artstd.cpp
  arttango.cpp
  bmpbase.cpp
  bmpbtncmn.cpp
  bookctrl.cpp
  btncmn.cpp
  cairo.cpp
  checkboxcmn.cpp
  checklstcmn.cpp
  choiccmn.cpp
  clipcmn.cpp
  clrpickercmn.cpp
  colourcmn.cpp
  colourdata.cpp
  combocmn.cpp
  cmdproc.cpp
  cmndata.cpp
  containr.cpp
  cshelp.cpp
  ctrlcmn.cpp
  ctrlsub.cpp
  dcbase.cpp
  dcbufcmn.cpp
  dcgraph.cpp
  dcsvg.cpp
  dirctrlcmn.cpp
  dlgcmn.cpp
  dndcmn.cpp
  dobjcmn.cpp
  docmdi.cpp
  docview.cpp
  dpycmn.cpp
  dseldlg.cpp
  effects.cpp
  fddlgcmn.cpp
  filectrlcmn.cpp
  filehistorycmn.cpp
  filepickercmn.cpp
  fontpickercmn.cpp
  fldlgcmn.cpp
  fontcmn.cpp
  fontdata.cpp
  graphicc.cpp
  fontenumcmn.cpp
  fontmap.cpp
  fontutilcmn.cpp
  framecmn.cpp
  gaugecmn.cpp
  gbsizer.cpp
  gdicmn.cpp
  geometry.cpp
  gifdecod.cpp
  graphcmn.cpp
  headercolcmn.cpp
  headerctrlcmn.cpp
  helpbase.cpp
  iconbndl.cpp
  imagall.cpp
  imagbmp.cpp
  image.cpp
  imagfill.cpp
  imaggif.cpp
  imagiff.cpp
  imagjpeg.cpp
  imagpcx.cpp
  imagpng.cpp
  imagpnm.cpp
  imagtga.cpp
  imagtiff.cpp
  imagxpm.cpp
  layout.cpp
  lboxcmn.cpp
  listctrlcmn.cpp
  markupparser.cpp
  matrix.cpp
  menucmn.cpp
  modalhook.cpp
  mousemanager.cpp
  nbkbase.cpp
  overlaycmn.cpp
  ownerdrwcmn.cpp
  paper.cpp
  panelcmn.cpp
  persist.cpp
  pickerbase.cpp
  popupcmn.cpp
  preferencescmn.cpp
  prntbase.cpp
  quantize.cpp
  radiobtncmn.cpp
  radiocmn.cpp
  rearrangectrl.cpp
  rendcmn.cpp
  rgncmn.cpp
  scrolbarcmn.cpp
  settcmn.cpp
  sizer.cpp
  slidercmn.cpp
  spinbtncmn.cpp
  spinctrlcmn.cpp
  srchcmn.cpp
  statbar.cpp
  statbmpcmn.cpp
  statboxcmn.cpp
  statlinecmn.cpp
  stattextcmn.cpp
  stockitem.cpp
  tbarbase.cpp
  textcmn.cpp
  textentrycmn.cpp
  textmeasurecmn.cpp
  toplvcmn.cpp
  treebase.cpp
  uiactioncmn.cpp
  valgen.cpp
  validate.cpp
  valtext.cpp
  valnum.cpp
  wincmn.cpp
  windowid.cpp
  wrapsizer.cpp
  xpmdecod.cpp
  busyinfo.cpp
  buttonbar.cpp
  choicdgg.cpp
  choicbkg.cpp
  collheaderctrlg.cpp
  combog.cpp
  dcpsg.cpp
  dirctrlg.cpp
  dragimgg.cpp
  filectrlg.cpp
  headerctrlg.cpp
  infobar.cpp
  listbkg.cpp
  logg.cpp
  markuptext.cpp
  msgdlgg.cpp
  numdlgg.cpp
  progdlgg.cpp
  preferencesg.cpp
  printps.cpp
  renderg.cpp
  richmsgdlgg.cpp
  scrlwing.cpp
  selstore.cpp
  spinctlg.cpp
  splitter.cpp
  srchctlg.cpp
  statbmpg.cpp
  stattextg.cpp
  textdlgg.cpp
  tipwin.cpp
  toolbkg.cpp
  treectlg.cpp
  treebkg.cpp
  vlbox.cpp
  vscroll.cpp
  xmlreshandler.cpp
  bmpcboxcmn.cpp
  grideditors.cpp
  gridctrl.cpp
  grid.cpp
  hyperlinkg.cpp
  calctrlcmn.cpp
  notifmsgg.cpp
  odcombo.cpp
  splash.cpp
  gridcmn.cpp
  addremovectrl.cpp
  tipdlg.cpp
  aboutdlgg.cpp
  gridsel.cpp
  sashwin.cpp
  helpext.cpp
  richtooltipg.cpp
  bmpcboxg.cpp
  timectrlg.cpp
  notifmsgcmn.cpp
  commandlinkbuttong.cpp
  propdlg.cpp
  treelist.cpp
  datavcmn.cpp
  animatecmn.cpp
  odcombocmn.cpp
  hyperlnkcmn.cpp
  richtooltipcmn.cpp
  datectlg.cpp
  bannerwindow.cpp
  laywin.cpp
  calctrlg.cpp
  wizard.cpp
  editlbox.cpp
  datavgen.cpp
  rowheightcache.cpp
  animateg.cpp
  event.cpp
  fs_mem.cpp
  msgout.cpp
  utilscmn.cpp
  main.cpp
  volume.cpp
  activex.cpp
  app.cpp
  bitmap.cpp
  brush.cpp
  caret.cpp
  clipbrd.cpp
  colour.cpp
  cursor.cpp
  data.cpp
  dc.cpp
  dcclient.cpp
  dcmemory.cpp
  dcprint.cpp
  dcscreen.cpp
  dialup.cpp
  dib.cpp
  display.cpp
  enhmeta.cpp
  font.cpp
  fontenum.cpp
  fontutil.cpp
  gdiimage.cpp
  gdiobj.cpp
  gdiplus.cpp
  graphics.cpp
  graphicsd2d.cpp
  icon.cpp
  imaglist.cpp
  minifram.cpp
  nonownedwnd.cpp
  comimpl.cpp
  dataobj.cpp
  dropsrc.cpp
  droptgt.cpp
  oleutils.cpp
  safearray.cpp
  palette.cpp
  pen.cpp
  popupwin.cpp
  printdlg.cpp
  printwin.cpp
  region.cpp
  renderer.cpp
  utilsrt.cpp
  settings.cpp
  textmeasure.cpp
  tooltip.cpp
  toplevel.cpp
  uiaction.cpp
  utilsgui.cpp
  utilswin.cpp
  uxtheme.cpp
  window.cpp
  joystick.cpp
  notifmsgrt.cpp
  aboutdlg.cpp
  sound.cpp
  uuid.cpp
  helpchm.cpp
  taskbarcmn.cpp
  helpwin.cpp
  notifmsg.cpp
  automtn.cpp
  taskbar.cpp
  richtooltip.cpp
  evtloop.cpp
  access.cpp
  clrpickerg.cpp
  collpaneg.cpp
  filepickerg.cpp
  fontpickerg.cpp
  statusbr.cpp
  prntdlgg.cpp
  accel.cpp
  anybutton.cpp
  appprogress.cpp
  artmsw.cpp
  bmpbuttn.cpp
  button.cpp
  checkbox.cpp
  choice.cpp
  colordlg.cpp
  combo.cpp
  combobox.cpp
  control.cpp
  customdraw.cpp
  dialog.cpp
  dirdlg.cpp
  dragimag.cpp
  filedlg.cpp
  frame.cpp
  gauge.cpp
  headerctrl.cpp
  iniconf.cpp
  listbox.cpp
  listctrl.cpp
  mdi.cpp
  menu.cpp
  menuitem.cpp
  metafile.cpp
  msgdlg.cpp
  nativdlg.cpp
  nativewin.cpp
  notebook.cpp
  ownerdrw.cpp
  progdlg.cpp
  radiobox.cpp
  radiobut.cpp
  richmsgdlg.cpp
  scrolbar.cpp
  slider.cpp
  spinbutt.cpp
  spinctrl.cpp
  statbmp.cpp
  statbox.cpp
  statusbar.cpp
  statline.cpp
  stattext.cpp
  systhemectrl.cpp
  taskbarbutton.cpp
  toolbar.cpp
  textctrl.cpp
  textentry.cpp
  tglbtn.cpp
  treectrl.cpp
  bmpcbox.cpp
  datectrl.cpp
  calctrl.cpp
  datecontrols.cpp
  timectrl.cpp
  commandlinkbutton.cpp
  datetimectrl.cpp
  hyperlink.cpp
  activityindicator.cpp
  checklst.cpp
  fdrepdlg.cpp
  fontdlg.cpp
  wxcore.vcxproj -> E:\test widget\wx_cmake_template\subprojects\Build\wxWidgets_external\lib\vc_x64_lib\wxmsw31ud_core.lib
  Generating CXX prefix header E:\test widget\wx_cmake_template\subprojects\Build\wxWidgets_external\libs\adv\Debug\cotire\wxadv_CXX_prefix.hxx
  Building Custom Rule E:/test widget/wx_cmake_template/subprojects/Source/wxWidgets_external/build/cmake/lib/adv/CMakeLists.txt
  dummy.cpp
  wxadv.vcxproj -> E:\test widget\wx_cmake_template\subprojects\Build\wxWidgets_external\lib\vc_x64_lib\wxmsw31ud_adv.lib
  Generating CXX prefix header E:\test widget\wx_cmake_template\subprojects\Build\wxWidgets_external\libs\aui\Debug\cotire\wxaui_CXX_prefix.hxx
  Building Custom Rule E:/test widget/wx_cmake_template/subprojects/Source/wxWidgets_external/build/cmake/lib/aui/CMakeLists.txt
  framemanager.cpp
  dockart.cpp
  floatpane.cpp
  auibook.cpp
  auibar.cpp
  tabmdi.cpp
  tabart.cpp
  xh_aui.cpp
  xh_auitoolb.cpp
  tabartmsw.cpp
  barartmsw.cpp
  wxaui.vcxproj -> E:\test widget\wx_cmake_template\subprojects\Build\wxWidgets_external\lib\vc_x64_lib\wxmsw31ud_aui.lib
  Building Custom Rule E:/test widget/wx_cmake_template/subprojects/Source/wxWidgets_external/build/cmake/lib/CMakeLists.txt
  xmlparse.c
  xmlrole.c
  xmltok.c
  wxexpat.vcxproj -> E:\test widget\wx_cmake_template\subprojects\Build\wxWidgets_external\lib\vc_x64_lib\wxexpatd.lib
  Generating CXX prefix header E:\test widget\wx_cmake_template\subprojects\Build\wxWidgets_external\libs\gl\Debug\cotire\wxgl_CXX_prefix.hxx
  Building Custom Rule E:/test widget/wx_cmake_template/subprojects/Source/wxWidgets_external/build/cmake/lib/gl/CMakeLists.txt
  glcmn.cpp
  glcanvas.cpp
  wxgl.vcxproj -> E:\test widget\wx_cmake_template\subprojects\Build\wxWidgets_external\lib\vc_x64_lib\wxmsw31ud_gl.lib
  Generating CXX prefix header E:\test widget\wx_cmake_template\subprojects\Build\wxWidgets_external\libs\html\Debug\cotire\wxhtml_CXX_prefix.hxx
  Building Custom Rule E:/test widget/wx_cmake_template/subprojects/Source/wxWidgets_external/build/cmake/lib/html/CMakeLists.txt
  helpctrl.cpp
  helpdata.cpp
  helpdlg.cpp
  helpfrm.cpp
  helpwnd.cpp
  htmlcell.cpp
  htmlfilt.cpp
  htmlpars.cpp
  htmltag.cpp
  htmlwin.cpp
  htmprint.cpp
  m_dflist.cpp
  m_fonts.cpp
  m_hline.cpp
  m_image.cpp
  m_layout.cpp
  m_links.cpp
  m_list.cpp
  m_pre.cpp
  m_span.cpp
  m_style.cpp
  m_tables.cpp
  styleparams.cpp
  winpars.cpp
  htmllbox.cpp
  helpbest.cpp
  chm.cpp
  wxhtml.vcxproj -> E:\test widget\wx_cmake_template\subprojects\Build\wxWidgets_external\lib\vc_x64_lib\wxmsw31ud_html.lib
  Generating CXX prefix header E:\test widget\wx_cmake_template\subprojects\Build\wxWidgets_external\libs\media\Debug\cotire\wxmedia_CXX_prefix.hxx
  Building Custom Rule E:/test widget/wx_cmake_template/subprojects/Source/wxWidgets_external/build/cmake/lib/media/CMakeLists.txt
  mediactrlcmn.cpp
  mediactrl_am.cpp
  mediactrl_wmp10.cpp
  mediactrl_qt.cpp
  wxmedia.vcxproj -> E:\test widget\wx_cmake_template\subprojects\Build\wxWidgets_external\lib\vc_x64_lib\wxmsw31ud_media.lib
  Generating CXX prefix header E:\test widget\wx_cmake_template\subprojects\Build\wxWidgets_external\libs\net\Debug\cotire\wxnet_CXX_prefix.hxx
  Building Custom Rule E:/test widget/wx_cmake_template/subprojects/Source/wxWidgets_external/build/cmake/lib/net/CMakeLists.txt
  fs_inet.cpp
  ftp.cpp
  http.cpp
  protocol.cpp
  sckaddr.cpp
  sckfile.cpp
  sckipc.cpp
  sckstrm.cpp
  socket.cpp
  url.cpp
  sockmsw.cpp
  urlmsw.cpp
  wxnet.vcxproj -> E:\test widget\wx_cmake_template\subprojects\Build\wxWidgets_external\lib\vc_x64_lib\wxbase31ud_net.lib
  Generating CXX prefix header E:\test widget\wx_cmake_template\subprojects\Build\wxWidgets_external\libs\propgrid\Debug\cotire\wxpropgrid_CXX_prefix.hxx
  Building Custom Rule E:/test widget/wx_cmake_template/subprojects/Source/wxWidgets_external/build/cmake/lib/propgrid/CMakeLists.txt
  advprops.cpp
  editors.cpp
  manager.cpp
  property.cpp
  propgrid.cpp
  propgridiface.cpp
  propgridpagestate.cpp
  props.cpp
  wxpropgrid.vcxproj -> E:\test widget\wx_cmake_template\subprojects\Build\wxWidgets_external\lib\vc_x64_lib\wxmsw31ud_propgrid.lib
  Generating CXX prefix header E:\test widget\wx_cmake_template\subprojects\Build\wxWidgets_external\libs\xml\Debug\cotire\wxxml_CXX_prefix.hxx
  Building Custom Rule E:/test widget/wx_cmake_template/subprojects/Source/wxWidgets_external/build/cmake/lib/xml/CMakeLists.txt
  xml.cpp
  xtixml.cpp
  wxxml.vcxproj -> E:\test widget\wx_cmake_template\subprojects\Build\wxWidgets_external\lib\vc_x64_lib\wxbase31ud_xml.lib
  Generating CXX prefix header E:\test widget\wx_cmake_template\subprojects\Build\wxWidgets_external\libs\qa\Debug\cotire\wxqa_CXX_prefix.hxx
  Building Custom Rule E:/test widget/wx_cmake_template/subprojects/Source/wxWidgets_external/build/cmake/lib/qa/CMakeLists.txt
  debugrpt.cpp
  dbgrptg.cpp
  wxqa.vcxproj -> E:\test widget\wx_cmake_template\subprojects\Build\wxWidgets_external\lib\vc_x64_lib\wxmsw31ud_qa.lib
  Building Custom Rule E:/test widget/wx_cmake_template/subprojects/Source/wxWidgets_external/build/cmake/utils/CMakeLists.txt
  wxrc.cpp
  wxrc.vcxproj -> E:\test widget\wx_cmake_template\subprojects\Build\wxWidgets_external\lib\vc_x64_lib\wxrc.exe
  Generating CXX prefix header E:\test widget\wx_cmake_template\subprojects\Build\wxWidgets_external\libs\ribbon\Debug\cotire\wxribbon_CXX_prefix.hxx
  Building Custom Rule E:/test widget/wx_cmake_template/subprojects/Source/wxWidgets_external/build/cmake/lib/ribbon/CMakeLists.txt
  art_internal.cpp
  art_msw.cpp
  art_aui.cpp
  bar.cpp
  buttonbar.cpp
  control.cpp
  gallery.cpp
  page.cpp
  panel.cpp
  toolbar.cpp
  xh_ribbon.cpp
  wxribbon.vcxproj -> E:\test widget\wx_cmake_template\subprojects\Build\wxWidgets_external\lib\vc_x64_lib\wxmsw31ud_ribbon.lib
  Generating CXX prefix header E:\test widget\wx_cmake_template\subprojects\Build\wxWidgets_external\libs\richtext\Debug\cotire\wxrichtext_CXX_prefix.hxx
  Building Custom Rule E:/test widget/wx_cmake_template/subprojects/Source/wxWidgets_external/build/cmake/lib/richtext/CMakeLists.txt
  richtextbuffer.cpp
  richtextctrl.cpp
  richtextformatdlg.cpp
  richtexthtml.cpp
  richtextimagedlg.cpp
  richtextprint.cpp
  richtextstyledlg.cpp
  richtextstyles.cpp
  richtextsymboldlg.cpp
  richtextxml.cpp
  xh_richtext.cpp
  wxrichtext.vcxproj -> E:\test widget\wx_cmake_template\subprojects\Build\wxWidgets_external\lib\vc_x64_lib\wxmsw31ud_richtext.lib
  Generating CXX unity source E:\test widget\wx_cmake_template\subprojects\Build\wxWidgets_external\libs\stc\Debug\cotire\wxscintilla_CXX_unity.cxx
  Building Custom Rule E:/test widget/wx_cmake_template/subprojects/Source/wxWidgets_external/build/cmake/lib/stc/CMakeLists.txt
  Generating CXX prefix header E:\test widget\wx_cmake_template\subprojects\Build\wxWidgets_external\libs\stc\Debug\cotire\wxscintilla_CXX_prefix.hxx
  LexA68k.cxx
  LexAbaqus.cxx
  LexAda.cxx
  LexAPDL.cxx
  LexAsm.cxx
  LexAsn1.cxx
  LexASY.cxx
  LexAU3.cxx
  LexAVE.cxx
  LexAVS.cxx
  LexBaan.cxx
  LexBash.cxx
  LexBasic.cxx
  LexBatch.cxx
  LexBibTeX.cxx
  LexBullant.cxx
  LexCaml.cxx
  LexCLW.cxx
  LexCmake.cxx
  LexCOBOL.cxx
  LexCoffeeScript.cxx
  LexConf.cxx
  LexCPP.cxx
  LexCrontab.cxx
  LexCsound.cxx
  LexCSS.cxx
  LexD.cxx
  LexDiff.cxx
  LexDMAP.cxx
  LexDMIS.cxx
  LexECL.cxx
  LexEDIFACT.cxx
  LexEiffel.cxx
  LexErlang.cxx
  LexErrorList.cxx
  LexEScript.cxx
  LexFlagship.cxx
  LexForth.cxx
  LexFortran.cxx
  LexGAP.cxx
  LexGui4Cli.cxx
  LexHaskell.cxx
  LexHex.cxx
  LexHTML.cxx
  LexInno.cxx
  LexJSON.cxx
  LexKix.cxx
  LexKVIrc.cxx
  LexLaTeX.cxx
  LexLisp.cxx
  LexLout.cxx
  LexLua.cxx
  LexMagik.cxx
  LexMake.cxx
  LexMarkdown.cxx
  LexMatlab.cxx
  LexMetapost.cxx
  LexMMIXAL.cxx
  LexModula.cxx
  LexMPT.cxx
  LexMSSQL.cxx
  LexMySQL.cxx
  LexNimrod.cxx
  LexNsis.cxx
  LexNull.cxx
  LexOpal.cxx
  LexOScript.cxx
  LexPascal.cxx
  LexPB.cxx
  LexPerl.cxx
  LexPLM.cxx
  LexPO.cxx
  LexPOV.cxx
  LexPowerPro.cxx
  LexPowerShell.cxx
  LexProgress.cxx
  LexProps.cxx
  LexPS.cxx
  LexPython.cxx
  LexR.cxx
  LexRebol.cxx
  LexRegistry.cxx
  LexRuby.cxx
  LexRust.cxx
  LexScriptol.cxx
  LexSmalltalk.cxx
  LexSML.cxx
  LexSorcus.cxx
  LexSpecman.cxx
  LexSpice.cxx
  LexSQL.cxx
  LexSTTXT.cxx
  LexTACL.cxx
  LexTADS3.cxx
  LexTAL.cxx
  LexTCL.cxx
  LexTCMD.cxx
  LexTeX.cxx
  LexTxt2tags.cxx
  LexVB.cxx
  LexVerilog.cxx
  LexVHDL.cxx
  LexVisualProlog.cxx
  LexYAML.cxx
  Accessor.cxx
  CharacterCategory.cxx
  CharacterSet.cxx
  LexerBase.cxx
  LexerModule.cxx
  LexerNoExceptions.cxx
  LexerSimple.cxx
  PropSetSimple.cxx
  StyleContext.cxx
  WordList.cxx
  AutoComplete.cxx
  CallTip.cxx
  CaseConvert.cxx
  CaseFolder.cxx
  Catalogue.cxx
  CellBuffer.cxx
  CharClassify.cxx
  ContractionState.cxx
  Decoration.cxx
  Document.cxx
  EditModel.cxx
  EditView.cxx
  Editor.cxx
  ExternalLexer.cxx
  Indicator.cxx
  KeyMap.cxx
  LineMarker.cxx
  MarginView.cxx
  PerLine.cxx
  PositionCache.cxx
  RESearch.cxx
  RunStyles.cxx
  ScintillaBase.cxx
  Selection.cxx
  Style.cxx
  UniConversion.cxx
  ViewStyle.cxx
  XPM.cxx
  wxscintilla.vcxproj -> E:\test widget\wx_cmake_template\subprojects\Build\wxWidgets_external\lib\vc_x64_lib\wxscintillad.lib
  Generating CXX prefix header E:\test widget\wx_cmake_template\subprojects\Build\wxWidgets_external\libs\stc\Debug\cotire\wxstc_CXX_prefix.hxx
  Building Custom Rule E:/test widget/wx_cmake_template/subprojects/Source/wxWidgets_external/build/cmake/lib/stc/CMakeLists.txt
  stc.cpp
  PlatWX.cpp
  ScintillaWX.cpp
  wxstc.vcxproj -> E:\test widget\wx_cmake_template\subprojects\Build\wxWidgets_external\lib\vc_x64_lib\wxmsw31ud_stc.lib
  Generating CXX prefix header E:\test widget\wx_cmake_template\subprojects\Build\wxWidgets_external\libs\webview\Debug\cotire\wxwebview_CXX_prefix.hxx
  Building Custom Rule E:/test widget/wx_cmake_template/subprojects/Source/wxWidgets_external/build/cmake/lib/webview/CMakeLists.txt
  webview.cpp
  webviewarchivehandler.cpp
  webviewfshandler.cpp
  webview_ie.cpp
  webview_edge.cpp
  wxwebview.vcxproj -> E:\test widget\wx_cmake_template\subprojects\Build\wxWidgets_external\lib\vc_x64_lib\wxmsw31ud_webview.lib
  Generating CXX prefix header E:\test widget\wx_cmake_template\subprojects\Build\wxWidgets_external\libs\xrc\Debug\cotire\wxxrc_CXX_prefix.hxx
  Building Custom Rule E:/test widget/wx_cmake_template/subprojects/Source/wxWidgets_external/build/cmake/lib/xrc/CMakeLists.txt
  xh_activityindicator.cpp
  xh_animatctrl.cpp
  xh_bannerwindow.cpp
  xh_bmp.cpp
  xh_bmpcbox.cpp
  xh_bmpbt.cpp
  xh_bttn.cpp
  xh_cald.cpp
  xh_chckb.cpp
  xh_chckl.cpp
  xh_choic.cpp
  xh_choicbk.cpp
  xh_clrpicker.cpp
  xh_cmdlinkbn.cpp
  xh_collpane.cpp
  xh_combo.cpp
  xh_comboctrl.cpp
  xh_datectrl.cpp
  xh_dirpicker.cpp
  xh_dlg.cpp
  xh_editlbox.cpp
  xh_filectrl.cpp
  xh_filepicker.cpp
  xh_fontpicker.cpp
  xh_frame.cpp
  xh_gauge.cpp
  xh_gdctl.cpp
  xh_grid.cpp
  xh_html.cpp
  xh_hyperlink.cpp
  xh_infobar.cpp
  xh_listb.cpp
  xh_listbk.cpp
  xh_listc.cpp
  xh_mdi.cpp
  xh_menu.cpp
  xh_notbk.cpp
  xh_odcombo.cpp
  xh_panel.cpp
  xh_propdlg.cpp
  xh_radbt.cpp
  xh_radbx.cpp
  xh_scrol.cpp
  xh_scwin.cpp
  xh_htmllbox.cpp
  xh_simplebook.cpp
  xh_sizer.cpp
  xh_slidr.cpp
  xh_spin.cpp
  xh_split.cpp
  xh_srchctrl.cpp
  xh_statbar.cpp
  xh_stbmp.cpp
  xh_stbox.cpp
  xh_stlin.cpp
  xh_sttxt.cpp
  xh_text.cpp
  xh_tglbtn.cpp
  xh_timectrl.cpp
  xh_toolb.cpp
  xh_toolbk.cpp
  xh_tree.cpp
  xh_treebk.cpp
  xh_unkwn.cpp
  xh_wizrd.cpp
  xmlres.cpp
  xmlrsall.cpp
  xh_dataview.cpp
  wxxrc.vcxproj -> E:\test widget\wx_cmake_template\subprojects\Build\wxWidgets_external\lib\vc_x64_lib\wxmsw31ud_xrc.lib
  Building Custom Rule E:/test widget/wx_cmake_template/subprojects/Source/wxWidgets_external/CMakeLists.txt
