-- Selecting Windows SDK version 10.0.19041.0 to target Windows 6.2.9200.
-- The C compiler identification is MSVC 19.33.31630.0
-- The CXX compiler identification is MSVC 19.33.31630.0
-- Detecting C compiler ABI info
-- Detecting C compiler ABI info - done
-- Check for working C compiler: C:/Program Files/Microsoft Visual Studio/2022/Community/VC/Tools/MSVC/14.33.31629/bin/Hostx64/x64/cl.exe - skipped
-- Detecting C compile features
-- Detecting C compile features - done
-- Detecting CXX compiler ABI info
-- Detecting CXX compiler ABI info - done
-- Check for working CXX compiler: C:/Program Files/Microsoft Visual Studio/2022/Community/VC/Tools/MSVC/14.33.31629/bin/Hostx64/x64/cl.exe - skipped
-- Detecting CXX compile features
-- Detecting CXX compile features - done
-- cotire 1.8.0 loaded.
-- Performing Test CMAKE_HAVE_LIBC_PTHREAD
-- Performing Test CMAKE_HAVE_LIBC_PTHREAD - Failed
-- Looking for pthread_create in pthreads
-- Looking for pthread_create in pthreads - not found
-- Looking for pthread_create in pthread
-- Looking for pthread_create in pthread - not found
-- Found Threads: TRUE  
-- Looking for d2d1.h
-- Looking for d2d1.h - found
-- Found OpenGL: opengl32   
-- C CXX target wxbase cotired without unity build.
-- CXX target wxnet cotired without unity build.
-- CXX target wxcore cotired without unity build.
-- CXX target wxadv cotired without unity build and precompiled header. Too few applicable sources.
-- CXX target wxaui cotired without unity build.
-- CXX target wxhtml cotired without unity build.
-- CXX target wxpropgrid cotired without unity build.
-- CXX target wxribbon cotired without unity build.
-- CXX target wxrichtext cotired without unity build.
-- CXX target wxwebview cotired without unity build.
-- CXX target wxscintilla cotired without unity build.
-- CXX target wxstc cotired without unity build.
-- CXX target wxxrc cotired without unity build.
-- CXX target wxmedia cotired without unity build.
-- CXX target wxgl cotired without unity build.
-- CXX target wxqa cotired without unity build.
-- CXX target wxxml cotired without unity build.
-- Looking for 4 include files stdlib.h, ..., float.h
-- Looking for 4 include files stdlib.h, ..., float.h - found
-- Performing Test HAVE_VARIADIC_MACROS
-- Performing Test HAVE_VARIADIC_MACROS - Success
-- Performing Test HAVE_STD_STRING_COMPARE
-- Performing Test HAVE_STD_STRING_COMPARE - Success
-- Performing Test HAVE_STD_WSTRING
-- Performing Test HAVE_STD_WSTRING - Success
-- Performing Test HAVE_HASH_MAP
-- Performing Test HAVE_HASH_MAP - Failed
-- Performing Test HAVE_EXT_HASH_MAP
-- Performing Test HAVE_EXT_HASH_MAP - Failed
-- Performing Test HAVE_STD_UNORDERED_MAP
-- Performing Test HAVE_STD_UNORDERED_MAP - Success
-- Performing Test HAVE_TR1_UNORDERED_MAP
-- Performing Test HAVE_TR1_UNORDERED_MAP - Failed
-- Performing Test HAVE_GCC_ATOMIC_BUILTINS
-- Performing Test HAVE_GCC_ATOMIC_BUILTINS - Failed
-- Looking for localtime_r
-- Looking for localtime_r - not found
-- Looking for gmtime_r
-- Looking for gmtime_r - not found
-- Performing Test wxSIZE_T_IS_NOT_UINT
-- Performing Test wxSIZE_T_IS_NOT_UINT - Success
-- Performing Test wxSIZE_T_IS_NOT_ULONG
-- Performing Test wxSIZE_T_IS_NOT_ULONG - Success
-- Performing Test wxWCHAR_T_IS_REAL_TYPE
-- Performing Test wxWCHAR_T_IS_REAL_TYPE - Success
-- Performing Test HAVE_PW_GECOS
-- Performing Test HAVE_PW_GECOS - Failed
-- Looking for ftime
-- Looking for ftime - not found
-- Looking for wcsftime
-- Looking for wcsftime - found
-- Looking for wprintf
-- Looking for wprintf - found
-- Looking for putws
-- Looking for putws - not found
-- Looking for fputws
-- Looking for fputws - found
-- Looking for vswprintf
-- Looking for vswprintf - found
-- Looking for vswscanf
-- Looking for vswscanf - found
-- Looking for wcsdup
-- Looking for wcsdup - found
-- Looking for wcsnlen
-- Looking for wcsnlen - found
-- Looking for wcscasecmp
-- Looking for wcscasecmp - not found
-- Looking for wcsncasecmp
-- Looking for wcsncasecmp - not found
-- Looking for wcsrctombs
-- Looking for wcsrctombs - not found
-- Looking for wcstoull
-- Looking for wcstoull - found
-- Looking for wcslen
-- Looking for wcslen - found
-- Looking for fsync
-- Looking for fsync - not found
-- Looking for snprintf
-- Looking for snprintf - not found
-- Looking for vsnprintf
-- Looking for vsnprintf - not found
-- Looking for strnlen
-- Looking for strnlen - found
-- Looking for strtoull
-- Looking for strtoull - found
-- Looking for setpriority
-- Looking for setpriority - not found
-- Looking for vsscanf
-- Looking for vsscanf - found
-- Looking for round
-- Looking for round - found
-- Looking for C++ include tr1/type_traits
-- Looking for C++ include tr1/type_traits - not found
-- Looking for C++ include type_traits
-- Looking for C++ include type_traits - found
-- Looking for fcntl.h
-- Looking for fcntl.h - found
-- Looking for langinfo.h
-- Looking for langinfo.h - not found
-- Looking for sched.h
-- Looking for sched.h - not found
-- Looking for unistd.h
-- Looking for unistd.h - not found
-- Looking for w32api.h
-- Looking for w32api.h - not found
-- Looking for wchar.h
-- Looking for wchar.h - found
-- Looking for wcstr.h
-- Looking for wcstr.h - not found
-- Performing Test wxTEST_TZ_timezone
-- Performing Test wxTEST_TZ_timezone - Failed
-- Performing Test wxTEST_TZ__timezone
-- Performing Test wxTEST_TZ__timezone - Success
-- Performing Test WX_GMTOFF_IN_TM
-- Performing Test WX_GMTOFF_IN_TM - Failed
-- Looking for dlopen
-- Looking for dlopen - not found
-- Looking for gettimeofday
-- Looking for gettimeofday - not found
-- Looking for sys/epoll.h
-- Looking for sys/epoll.h - not found
-- Looking for sys/select.h
-- Looking for sys/select.h - not found
-- Looking for sys/inotify.h
-- Looking for sys/inotify.h - not found
-- Looking for sys/event.h
-- Looking for sys/event.h - not found
-- Looking for xlocale.h
-- Looking for xlocale.h - not found
-- Looking for sys/types.h
-- Looking for sys/types.h - found
-- Looking for stdint.h
-- Looking for stdint.h - found
-- Looking for stddef.h
-- Looking for stddef.h - found
-- Check size of locale_t
-- Check size of locale_t - failed
-- Check size of pid_t
-- Check size of pid_t - failed
-- Check size of size_t
-- Check size of size_t - done
-- Check size of wchar_t
-- Check size of wchar_t - done
-- Check size of int
-- Check size of int - done
-- Check size of long
-- Check size of long - done
-- Check size of short
-- Check size of short - done
-- Check size of gid_t
-- Check size of gid_t - failed
-- Check size of uid_t
-- Check size of uid_t - failed
-- Check size of long long
-- Check size of long long - done
-- Check size of ssize_t
-- Check size of ssize_t - failed
-- Which libraries should wxWidgets use?
    wxUSE_STL:      OFF      (use C++ STL classes)
    wxUSE_REGEX:    builtin  (enable support for wxRegEx class)
    wxUSE_ZLIB:     builtin  (use zlib for LZW compression)
    wxUSE_EXPAT:    builtin  (use expat for XML parsing)
    wxUSE_LIBJPEG:  builtin  (use libjpeg (JPEG file format))
    wxUSE_LIBPNG:   builtin  (use libpng (PNG image format))
    wxUSE_LIBTIFF:  builtin  (use libtiff (TIFF file format))
    wxUSE_LIBLZMA:  OFF      (use liblzma for LZMA compression)

-- Configured wxWidgets 3.1.4 for Windows-6.2.9200
    Min OS Version required at runtime:                Windows Vista / Windows Server 2008 (x64 Edition)
    Which GUI toolkit should wxWidgets use?            msw 
    Should wxWidgets be compiled into single library?  OFF
    Should wxWidgets be linked as a shared library?    OFF
    Should wxWidgets support Unicode?                  ON
    What wxWidgets compatibility level should be used? 3.0
-- Configuring done (96.1s)
-- Generating done (1.0s)
-- Build files have been written to: E:/test widget/wx_cmake_template/subprojects/Build/wxWidgets_external
